<?xml version="1.0" encoding="UTF-8"?>
<testsuite xmlns:xsi="http://www.w3.org/2001/XMLSchema-instance" xsi:noNamespaceSchemaLocation="https://maven.apache.org/surefire/maven-failsafe-plugin/xsd/failsafe-test-report.xsd" version="3.0.2" name="pragmatech.digital.workshops.lab3.exercises.ApplicationThreeIT" time="2.173" tests="1" errors="0" skipped="0" failures="0">
  <properties>
[...]
</properties>
  <testcase name="contextLoads" classname="pragmatech.digital.workshops.lab3.exercises.ApplicationThreeIT" time="0.002">
    <system-out><![CDATA[2025-05-21T08:15:01.564+02:00  INFO 77389 --- [lab-3] [           main] t.c.s.AnnotationConfigContextLoaderUtils : Could not detect default configuration classes for test class [pragmatech.digital.workshops.lab3.exercises.ApplicationThreeIT]: ApplicationThreeIT does not declare any static, non-private, non-final, nested classes annotated with @Configuration.
2025-05-21T08:15:01.566+02:00  INFO 77389 --- [lab-3] [           main] .b.t.c.SpringBootTestContextBootstrapper : Found @SpringBootConfiguration pragmatech.digital.workshops.lab3.Lab3Application for test class pragmatech.digital.workshops.lab3.exercises.ApplicationThreeIT
2025-05-21T08:15:01.579+02:00  INFO 77389 --- [lab-3] [           main] p.d.w.l.c.WireMockContextInitializer     : WireMock initialized on port 59268
2025-05-21T08:15:01.579+02:00  INFO 77389 --- [lab-3] [           main] p.d.w.lab3.exercises.ApplicationThreeIT  : Starting ApplicationThreeIT using Java 21.0.6 with PID 77389 (started by rieckpil in /Users/rieckpil/Development/git/testing-spring-boot-applications-demystified-workshop/labs/lab-3)
2025-05-21T08:15:01.579+02:00  INFO 77389 --- [lab-3] [           main] p.d.w.lab3.exercises.ApplicationThreeIT  : The following 1 profile is active: "test"
2025-05-21T08:15:01.630+02:00  INFO 77389 --- [lab-3] [           main] .s.d.r.c.RepositoryConfigurationDelegate : Bootstrapping Spring Data JPA repositories in DEFAULT mode.
2025-05-21T08:15:01.634+02:00  INFO 77389 --- [lab-3] [           main] .s.d.r.c.RepositoryConfigurationDelegate : Finished Spring Data repository scanning in 3 ms. Found 1 JPA repository interface.
2025-05-21T08:15:01.674+02:00  INFO 77389 --- [lab-3] [           main] tc.postgres:16-alpine                    : Creating container for image: postgres:16-alpine
2025-05-21T08:15:01.755+02:00  INFO 77389 --- [lab-3] [           main] tc.postgres:16-alpine                    : Container postgres:16-alpine is starting: bfbec447d4d965118bc52bc0cc997e7354cf7a5b01bb8a7f59343630b59d639a
2025-05-21T08:15:03.205+02:00  INFO 77389 --- [lab-3] [           main] tc.postgres:16-alpine                    : Container postgres:16-alpine started in PT1.53113S
2025-05-21T08:15:03.206+02:00  INFO 77389 --- [lab-3] [           main] tc.postgres:16-alpine                    : Container is started (JDBC URL: jdbc:postgresql://localhost:33669/testdb?loggerLevel=OFF)
2025-05-21T08:15:03.207+02:00  INFO 77389 --- [lab-3] [           main] org.testcontainers.ext.ScriptUtils       : Executing database script from init-postgres.sql
2025-05-21T08:15:03.235+02:00  INFO 77389 --- [lab-3] [           main] org.testcontainers.ext.ScriptUtils       : Executed database script from init-postgres.sql in 26 ms.
2025-05-21T08:15:03.279+02:00  INFO 77389 --- [lab-3] [           main] org.flywaydb.core.FlywayExecutor         : Database: jdbc:postgresql://localhost:33669/testdb?loggerLevel=OFF (PostgreSQL 16.9)
2025-05-21T08:15:03.284+02:00  INFO 77389 --- [lab-3] [           main] o.f.c.i.s.JdbcTableSchemaHistory         : Schema history table "public"."flyway_schema_history" does not exist yet
2025-05-21T08:15:03.285+02:00  INFO 77389 --- [lab-3] [           main] o.f.core.internal.command.DbValidate     : Successfully validated 2 migrations (execution time 00:00.001s)
2025-05-21T08:15:03.289+02:00  INFO 77389 --- [lab-3] [           main] o.f.c.i.s.JdbcTableSchemaHistory         : Creating Schema History table "public"."flyway_schema_history" ...
2025-05-21T08:15:03.301+02:00  INFO 77389 --- [lab-3] [           main] o.f.core.internal.command.DbMigrate      : Current version of schema "public": << Empty Schema >>
2025-05-21T08:15:03.302+02:00  INFO 77389 --- [lab-3] [           main] o.f.core.internal.command.DbMigrate      : Migrating schema "public" to version "001 - create-book-table"
2025-05-21T08:15:03.308+02:00  INFO 77389 --- [lab-3] [           main] o.f.core.internal.command.DbMigrate      : Migrating schema "public" to version "002 - enrich-book-table"
2025-05-21T08:15:03.311+02:00  INFO 77389 --- [lab-3] [           main] o.f.core.internal.command.DbMigrate      : Successfully applied 2 migrations to schema "public", now at version v002 (execution time 00:00.004s)
2025-05-21T08:15:03.319+02:00  INFO 77389 --- [lab-3] [           main] o.hibernate.jpa.internal.util.LogHelper  : HHH000204: Processing PersistenceUnitInfo [name: default]
2025-05-21T08:15:03.319+02:00  INFO 77389 --- [lab-3] [           main] o.h.c.internal.RegionFactoryInitiator    : HHH000026: Second-level cache disabled
2025-05-21T08:15:03.322+02:00  INFO 77389 --- [lab-3] [           main] o.s.o.j.p.SpringPersistenceUnitInfo      : No LoadTimeWeaver setup: ignoring JPA class transformer
2025-05-21T08:15:03.322+02:00  INFO 77389 --- [lab-3] [           main] com.zaxxer.hikari.HikariDataSource       : HikariPool-2 - Starting...
2025-05-21T08:15:03.326+02:00  INFO 77389 --- [lab-3] [           main] com.zaxxer.hikari.pool.HikariPool        : HikariPool-2 - Added connection org.postgresql.jdbc.PgConnection@18cc07ca
2025-05-21T08:15:03.326+02:00  INFO 77389 --- [lab-3] [           main] com.zaxxer.hikari.HikariDataSource       : HikariPool-2 - Start completed.
2025-05-21T08:15:03.327+02:00  INFO 77389 --- [lab-3] [           main] org.hibernate.orm.connections.pooling    : HHH10001005: Database info:
	Database JDBC URL [Connecting through datasource 'HikariDataSource (HikariPool-2)']
	Database driver: undefined/unknown
	Database version: 16.9
	Autocommit mode: undefined/unknown
	Isolation level: undefined/unknown
	Minimum pool size: undefined/unknown
	Maximum pool size: undefined/unknown
2025-05-21T08:15:03.337+02:00  INFO 77389 --- [lab-3] [           main] o.h.e.t.j.p.i.JtaPlatformInitiator       : HHH000489: No JTA platform available (set 'hibernate.transaction.jta.platform' to enable JTA platform integration)
2025-05-21T08:15:03.342+02:00  INFO 77389 --- [lab-3] [           main] j.LocalContainerEntityManagerFactoryBean : Initialized JPA EntityManagerFactory for persistence unit 'default'
2025-05-21T08:15:03.531+02:00  INFO 77389 --- [lab-3] [           main] r$InitializeUserDetailsManagerConfigurer : Global AuthenticationManager configured with UserDetailsService bean with name userDetailsService
2025-05-21T08:15:03.569+02:00  INFO 77389 --- [lab-3] [           main] p.d.w.lab3.exercises.ApplicationThreeIT  : Started ApplicationThreeIT in 2.001 seconds (process running for 6.921)
2025-05-21T08:15:03.569+02:00  INFO 77389 --- [lab-3] [           main] p.d.w.lab3.config.InitializationConfig   : Starting book metadata initialization...
2025-05-21T08:15:03.569+02:00  INFO 77389 --- [lab-3] [           main] p.d.w.lab3.config.InitializationConfig   : Fetching metadata for 3 books
Request: GET http://localhost:59268/isbn/9780132350884
2025-05-21T08:15:03.615+02:00 ERROR 77389 --- [lab-3] [           main] i.n.r.d.DnsServerAddressStreamProviders  : Unable to load io.netty.resolver.dns.macos.MacOSDnsServerAddressStreamProvider, fallback to system defaults. This may result in incorrect DNS resolutions on MacOS. Check whether you have a dependency on 'io.netty:netty-resolver-dns-native-macos'. Use DEBUG level to see the full stack: java.lang.UnsatisfiedLinkError: failed to load the required native library
2025-05-21T08:15:03.726+02:00  INFO 77389 --- [lab-3] [           main] p.d.w.lab3.config.InitializationConfig   : Fetched metadata for ISBN 9780132350884 - BookMetadataResponse[key=/books/OL26222911M, title=Clean Code, isbn13=[9780132350884], isbn10=[0132350882], publishDate=July 2008, publishers=[Prentice Hall], authorRefs=null, numberOfPages=431, physicalFormat=Taschenbuch, description=null, subjects=null, covers=null]
Request: GET http://localhost:59268/isbn/9780201633610
2025-05-21T08:15:03.731+02:00  INFO 77389 --- [lab-3] [           main] p.d.w.lab3.config.InitializationConfig   : Fetched metadata for ISBN 9780201633610 - BookMetadataResponse[key=/books/OL7408317M, title=Design Patterns, isbn13=[9780201633610], isbn10=[0201633612], publishDate=January 15, 1995, publishers=[Addison-Wesley Professional], authorRefs=[{key=/authors/OL1515521A}, {key=/authors/OL1289741A}, {key=/authors/OL2670757A}, {key=/authors/OL225901A}], numberOfPages=395, physicalFormat=null, description=Four software designers present a catalog of simple and succinct solutions to commonly occurring design problems, using Smalltalk and C++ in example code. These 23 patterns allow designers to create more flexible, elegant, and ultimately reusable designs without having to rediscover the design solutions themselves. The authors begin by describing what patterns are and how they can help you design object-oriented software. They go on to systematically name, explain, evaluate, and catalog recurring designs in object-oriented systems.--From publisher description., subjects=null, covers=null]
Request: GET http://localhost:59268/isbn/9780134757599
2025-05-21T08:15:03.733+02:00  INFO 77389 --- [lab-3] [           main] p.d.w.lab3.config.InitializationConfig   : Fetched metadata for ISBN 9780134757599 - BookMetadataResponse[key=/books/OL26629721M, title=Refactoring, isbn13=[9780134757599], isbn10=null, publishDate=2018, publishers=[Addision-Wesley], authorRefs=null, numberOfPages=448, physicalFormat=null, description=2nd edition, subjects=null, covers=null]
2025-05-21T08:15:03.733+02:00  INFO 77389 --- [lab-3] [           main] p.d.w.lab3.config.InitializationConfig   : Book metadata initialization completed
ApplicationThreeIT - Context loaded successfully
]]></system-out>
  </testcase>
</testsuite>